This is pdfTeX, Version 3.14159265-2.6-1.40.20 (TeX Live 2019/Debian) (preloaded format=latex 2020.10.10)  18 JAN 2023 15:28
entering extended mode
 restricted \write18 enabled.
 %&-line parsing enabled.
**master
(./master.tex
LaTeX2e <2020-02-02> patch level 2
L3 programming layer <2020-02-14>
(/usr/share/texlive/texmf-dist/tex/latex/beamer/beamer.cls
Document Class: beamer 2019/09/29 v3.57 A class for typesetting presentations
(/usr/share/texlive/texmf-dist/tex/latex/beamer/beamerbasemodes.sty
(/usr/share/texlive/texmf-dist/tex/latex/etoolbox/etoolbox.sty
Package: etoolbox 2019/09/21 v2.5h e-TeX tools for LaTeX (JAW)
\etb@tempcnta=\count167
)
\beamer@tempbox=\box45
\beamer@tempcount=\count168
\c@beamerpauses=\count169

(/usr/share/texlive/texmf-dist/tex/latex/beamer/beamerbasedecode.sty
\beamer@slideinframe=\count170
\beamer@minimum=\count171
\beamer@decode@box=\box46
)
\beamer@commentbox=\box47
\beamer@modecount=\count172
)
(/usr/share/texlive/texmf-dist/tex/generic/iftex/ifpdf.sty
Package: ifpdf 2019/10/25 v3.4 ifpdf legacy package. Use iftex instead.

(/usr/share/texlive/texmf-dist/tex/generic/iftex/iftex.sty
Package: iftex 2019/11/07 v1.0c TeX engine tests
))
\headdp=\dimen134
\footheight=\dimen135
\sidebarheight=\dimen136
\beamer@tempdim=\dimen137
\beamer@finalheight=\dimen138
\beamer@animht=\dimen139
\beamer@animdp=\dimen140
\beamer@animwd=\dimen141
\beamer@leftmargin=\dimen142
\beamer@rightmargin=\dimen143
\beamer@leftsidebar=\dimen144
\beamer@rightsidebar=\dimen145
\beamer@boxsize=\dimen146
\beamer@vboxoffset=\dimen147
\beamer@descdefault=\dimen148
\beamer@descriptionwidth=\dimen149
\beamer@lastskip=\skip47
\beamer@areabox=\box48
\beamer@animcurrent=\box49
\beamer@animshowbox=\box50
\beamer@sectionbox=\box51
\beamer@logobox=\box52
\beamer@linebox=\box53
\beamer@sectioncount=\count173
\beamer@subsubsectionmax=\count174
\beamer@subsectionmax=\count175
\beamer@sectionmax=\count176
\beamer@totalheads=\count177
\beamer@headcounter=\count178
\beamer@partstartpage=\count179
\beamer@sectionstartpage=\count180
\beamer@subsectionstartpage=\count181
\beamer@animationtempa=\count182
\beamer@animationtempb=\count183
\beamer@xpos=\count184
\beamer@ypos=\count185
\beamer@ypos@offset=\count186
\beamer@showpartnumber=\count187
\beamer@currentsubsection=\count188
\beamer@coveringdepth=\count189
\beamer@sectionadjust=\count190
\beamer@tocsectionnumber=\count191

(/usr/share/texlive/texmf-dist/tex/latex/beamer/beamerbaseoptions.sty
(/usr/share/texlive/texmf-dist/tex/latex/graphics/keyval.sty
Package: keyval 2014/10/28 v1.15 key=value parser (DPC)
\KV@toks@=\toks14
))
\beamer@paperwidth=\skip48
\beamer@paperheight=\skip49

(/usr/share/texlive/texmf-dist/tex/latex/geometry/geometry.sty
Package: geometry 2020/01/02 v5.9 Page Geometry

(/usr/share/texlive/texmf-dist/tex/generic/iftex/ifvtex.sty
Package: ifvtex 2019/10/25 v1.7 ifvtex legacy package. Use iftex instead.
)
\Gm@cnth=\count192
\Gm@cntv=\count193
\c@Gm@tempcnt=\count194
\Gm@bindingoffset=\dimen150
\Gm@wd@mp=\dimen151
\Gm@odd@mp=\dimen152
\Gm@even@mp=\dimen153
\Gm@layoutwidth=\dimen154
\Gm@layoutheight=\dimen155
\Gm@layouthoffset=\dimen156
\Gm@layoutvoffset=\dimen157
\Gm@dimlist=\toks15
)
(/usr/share/texlive/texmf-dist/tex/latex/base/size10.clo
File: size10.clo 2019/12/20 v1.4l Standard LaTeX file (size option)
)
(/usr/share/texlive/texmf-dist/tex/latex/pgf/basiclayer/pgfcore.sty
(/usr/share/texlive/texmf-dist/tex/latex/graphics/graphicx.sty
Package: graphicx 2019/11/30 v1.2a Enhanced LaTeX Graphics (DPC,SPQR)

(/usr/share/texlive/texmf-dist/tex/latex/graphics/graphics.sty
Package: graphics 2019/11/30 v1.4a Standard LaTeX Graphics (DPC,SPQR)

(/usr/share/texlive/texmf-dist/tex/latex/graphics/trig.sty
Package: trig 2016/01/03 v1.10 sin cos tan (DPC)
)
(/usr/share/texlive/texmf-dist/tex/latex/graphics-cfg/graphics.cfg
File: graphics.cfg 2016/06/04 v1.11 sample graphics configuration
)
Package graphics Info: Driver file: dvips.def on input line 105.

(/usr/share/texlive/texmf-dist/tex/latex/graphics-def/dvips.def
File: dvips.def 2017/06/20 v3.1d Graphics/color driver for dvips
))
\Gin@req@height=\dimen158
\Gin@req@width=\dimen159
)
(/usr/share/texlive/texmf-dist/tex/latex/pgf/systemlayer/pgfsys.sty
(/usr/share/texlive/texmf-dist/tex/latex/pgf/utilities/pgfrcs.sty
(/usr/share/texlive/texmf-dist/tex/generic/pgf/utilities/pgfutil-common.tex
\pgfutil@everybye=\toks16
\pgfutil@tempdima=\dimen160
\pgfutil@tempdimb=\dimen161

(/usr/share/texlive/texmf-dist/tex/generic/pgf/utilities/pgfutil-common-lists.t
ex)) (/usr/share/texlive/texmf-dist/tex/generic/pgf/utilities/pgfutil-latex.def
\pgfutil@abb=\box54
(/usr/share/texlive/texmf-dist/tex/latex/ms/everyshi.sty
Package: everyshi 2001/05/15 v3.00 EveryShipout Package (MS)
))
(/usr/share/texlive/texmf-dist/tex/generic/pgf/utilities/pgfrcs.code.tex
(/usr/share/texlive/texmf-dist/tex/generic/pgf/pgf.revision.tex)
Package: pgfrcs 2020/01/08 v3.1.5b (3.1.5b)
))
(/usr/share/texlive/texmf-dist/tex/generic/pgf/systemlayer/pgfsys.code.tex
Package: pgfsys 2020/01/08 v3.1.5b (3.1.5b)

(/usr/share/texlive/texmf-dist/tex/generic/pgf/utilities/pgfkeys.code.tex
\pgfkeys@pathtoks=\toks17
\pgfkeys@temptoks=\toks18

(/usr/share/texlive/texmf-dist/tex/generic/pgf/utilities/pgfkeysfiltered.code.t
ex
\pgfkeys@tmptoks=\toks19
))
\pgf@x=\dimen162
\pgf@y=\dimen163
\pgf@xa=\dimen164
\pgf@ya=\dimen165
\pgf@xb=\dimen166
\pgf@yb=\dimen167
\pgf@xc=\dimen168
\pgf@yc=\dimen169
\pgf@xd=\dimen170
\pgf@yd=\dimen171
\w@pgf@writea=\write3
\r@pgf@reada=\read2
\c@pgf@counta=\count195
\c@pgf@countb=\count196
\c@pgf@countc=\count197
\c@pgf@countd=\count198
\t@pgf@toka=\toks20
\t@pgf@tokb=\toks21
\t@pgf@tokc=\toks22
\pgf@sys@id@count=\count199
 (/usr/share/texlive/texmf-dist/tex/generic/pgf/systemlayer/pgf.cfg
File: pgf.cfg 2020/01/08 v3.1.5b (3.1.5b)
)
Driver file for pgf: pgfsys-dvips.def

(/usr/share/texlive/texmf-dist/tex/generic/pgf/systemlayer/pgfsys-dvips.def
File: pgfsys-dvips.def 2020/01/08 v3.1.5b (3.1.5b)

(/usr/share/texlive/texmf-dist/tex/generic/pgf/systemlayer/pgfsys-common-postsc
ript.def
File: pgfsys-common-postscript.def 2020/01/08 v3.1.5b (3.1.5b)
\pgf@objectcount=\count266
)))
(/usr/share/texlive/texmf-dist/tex/generic/pgf/systemlayer/pgfsyssoftpath.code.
tex
File: pgfsyssoftpath.code.tex 2020/01/08 v3.1.5b (3.1.5b)
\pgfsyssoftpath@smallbuffer@items=\count267
\pgfsyssoftpath@bigbuffer@items=\count268
)
(/usr/share/texlive/texmf-dist/tex/generic/pgf/systemlayer/pgfsysprotocol.code.
tex
File: pgfsysprotocol.code.tex 2020/01/08 v3.1.5b (3.1.5b)
)) (/usr/share/texlive/texmf-dist/tex/latex/xcolor/xcolor.sty
Package: xcolor 2016/05/11 v2.12 LaTeX color extensions (UK)

(/usr/share/texlive/texmf-dist/tex/latex/graphics-cfg/color.cfg
File: color.cfg 2016/01/02 v1.6 sample color configuration
)
Package xcolor Info: Driver file: dvips.def on input line 225.
Package xcolor Info: Model `cmy' substituted by `cmy0' on input line 1348.
Package xcolor Info: Model `RGB' extended on input line 1364.
Package xcolor Info: Model `HTML' substituted by `rgb' on input line 1366.
Package xcolor Info: Model `Hsb' substituted by `hsb' on input line 1367.
Package xcolor Info: Model `tHsb' substituted by `hsb' on input line 1368.
Package xcolor Info: Model `HSB' substituted by `hsb' on input line 1369.
Package xcolor Info: Model `Gray' substituted by `gray' on input line 1370.
Package xcolor Info: Model `wave' substituted by `hsb' on input line 1371.
)
(/usr/share/texlive/texmf-dist/tex/generic/pgf/basiclayer/pgfcore.code.tex
Package: pgfcore 2020/01/08 v3.1.5b (3.1.5b)

(/usr/share/texlive/texmf-dist/tex/generic/pgf/math/pgfmath.code.tex
(/usr/share/texlive/texmf-dist/tex/generic/pgf/math/pgfmathcalc.code.tex
(/usr/share/texlive/texmf-dist/tex/generic/pgf/math/pgfmathutil.code.tex)
(/usr/share/texlive/texmf-dist/tex/generic/pgf/math/pgfmathparser.code.tex
\pgfmath@dimen=\dimen172
\pgfmath@count=\count269
\pgfmath@box=\box55
\pgfmath@toks=\toks23
\pgfmath@stack@operand=\toks24
\pgfmath@stack@operation=\toks25
)
(/usr/share/texlive/texmf-dist/tex/generic/pgf/math/pgfmathfunctions.code.tex
(/usr/share/texlive/texmf-dist/tex/generic/pgf/math/pgfmathfunctions.basic.code
.tex)
(/usr/share/texlive/texmf-dist/tex/generic/pgf/math/pgfmathfunctions.trigonomet
ric.code.tex)
(/usr/share/texlive/texmf-dist/tex/generic/pgf/math/pgfmathfunctions.random.cod
e.tex)
(/usr/share/texlive/texmf-dist/tex/generic/pgf/math/pgfmathfunctions.comparison
.code.tex)
(/usr/share/texlive/texmf-dist/tex/generic/pgf/math/pgfmathfunctions.base.code.
tex)
(/usr/share/texlive/texmf-dist/tex/generic/pgf/math/pgfmathfunctions.round.code
.tex)
(/usr/share/texlive/texmf-dist/tex/generic/pgf/math/pgfmathfunctions.misc.code.
tex)
(/usr/share/texlive/texmf-dist/tex/generic/pgf/math/pgfmathfunctions.integerari
thmetics.code.tex)))
(/usr/share/texlive/texmf-dist/tex/generic/pgf/math/pgfmathfloat.code.tex
\c@pgfmathroundto@lastzeros=\count270
))
(/usr/share/texlive/texmf-dist/tex/generic/pgf/math/pgfint.code.tex)
(/usr/share/texlive/texmf-dist/tex/generic/pgf/basiclayer/pgfcorepoints.code.te
x
File: pgfcorepoints.code.tex 2020/01/08 v3.1.5b (3.1.5b)
\pgf@picminx=\dimen173
\pgf@picmaxx=\dimen174
\pgf@picminy=\dimen175
\pgf@picmaxy=\dimen176
\pgf@pathminx=\dimen177
\pgf@pathmaxx=\dimen178
\pgf@pathminy=\dimen179
\pgf@pathmaxy=\dimen180
\pgf@xx=\dimen181
\pgf@xy=\dimen182
\pgf@yx=\dimen183
\pgf@yy=\dimen184
\pgf@zx=\dimen185
\pgf@zy=\dimen186
)
(/usr/share/texlive/texmf-dist/tex/generic/pgf/basiclayer/pgfcorepathconstruct.
code.tex
File: pgfcorepathconstruct.code.tex 2020/01/08 v3.1.5b (3.1.5b)
\pgf@path@lastx=\dimen187
\pgf@path@lasty=\dimen188
)
(/usr/share/texlive/texmf-dist/tex/generic/pgf/basiclayer/pgfcorepathusage.code
.tex
File: pgfcorepathusage.code.tex 2020/01/08 v3.1.5b (3.1.5b)
\pgf@shorten@end@additional=\dimen189
\pgf@shorten@start@additional=\dimen190
)
(/usr/share/texlive/texmf-dist/tex/generic/pgf/basiclayer/pgfcorescopes.code.te
x
File: pgfcorescopes.code.tex 2020/01/08 v3.1.5b (3.1.5b)
\pgfpic=\box56
\pgf@hbox=\box57
\pgf@layerbox@main=\box58
\pgf@picture@serial@count=\count271
)
(/usr/share/texlive/texmf-dist/tex/generic/pgf/basiclayer/pgfcoregraphicstate.c
ode.tex
File: pgfcoregraphicstate.code.tex 2020/01/08 v3.1.5b (3.1.5b)
\pgflinewidth=\dimen191
)
(/usr/share/texlive/texmf-dist/tex/generic/pgf/basiclayer/pgfcoretransformation
s.code.tex
File: pgfcoretransformations.code.tex 2020/01/08 v3.1.5b (3.1.5b)
\pgf@pt@x=\dimen192
\pgf@pt@y=\dimen193
\pgf@pt@temp=\dimen194
)
(/usr/share/texlive/texmf-dist/tex/generic/pgf/basiclayer/pgfcorequick.code.tex
File: pgfcorequick.code.tex 2020/01/08 v3.1.5b (3.1.5b)
)
(/usr/share/texlive/texmf-dist/tex/generic/pgf/basiclayer/pgfcoreobjects.code.t
ex
File: pgfcoreobjects.code.tex 2020/01/08 v3.1.5b (3.1.5b)
)
(/usr/share/texlive/texmf-dist/tex/generic/pgf/basiclayer/pgfcorepathprocessing
.code.tex
File: pgfcorepathprocessing.code.tex 2020/01/08 v3.1.5b (3.1.5b)
)
(/usr/share/texlive/texmf-dist/tex/generic/pgf/basiclayer/pgfcorearrows.code.te
x
File: pgfcorearrows.code.tex 2020/01/08 v3.1.5b (3.1.5b)
\pgfarrowsep=\dimen195
)
(/usr/share/texlive/texmf-dist/tex/generic/pgf/basiclayer/pgfcoreshade.code.tex
File: pgfcoreshade.code.tex 2020/01/08 v3.1.5b (3.1.5b)
\pgf@max=\dimen196
\pgf@sys@shading@range@num=\count272
\pgf@shadingcount=\count273
)
(/usr/share/texlive/texmf-dist/tex/generic/pgf/basiclayer/pgfcoreimage.code.tex
File: pgfcoreimage.code.tex 2020/01/08 v3.1.5b (3.1.5b)

(/usr/share/texlive/texmf-dist/tex/generic/pgf/basiclayer/pgfcoreexternal.code.
tex
File: pgfcoreexternal.code.tex 2020/01/08 v3.1.5b (3.1.5b)
\pgfexternal@startupbox=\box59
))
(/usr/share/texlive/texmf-dist/tex/generic/pgf/basiclayer/pgfcorelayers.code.te
x
File: pgfcorelayers.code.tex 2020/01/08 v3.1.5b (3.1.5b)
)
(/usr/share/texlive/texmf-dist/tex/generic/pgf/basiclayer/pgfcoretransparency.c
ode.tex
File: pgfcoretransparency.code.tex 2020/01/08 v3.1.5b (3.1.5b)
)
(/usr/share/texlive/texmf-dist/tex/generic/pgf/basiclayer/pgfcorepatterns.code.
tex
File: pgfcorepatterns.code.tex 2020/01/08 v3.1.5b (3.1.5b)
)
(/usr/share/texlive/texmf-dist/tex/generic/pgf/basiclayer/pgfcorerdf.code.tex
File: pgfcorerdf.code.tex 2020/01/08 v3.1.5b (3.1.5b)
))) (/usr/share/texlive/texmf-dist/tex/latex/pgf/utilities/xxcolor.sty
Package: xxcolor 2003/10/24 ver 0.1
\XC@nummixins=\count274
\XC@countmixins=\count275
)
(/usr/share/texlive/texmf-dist/tex/generic/atbegshi/atbegshi.sty
Package: atbegshi 2019/12/05 v1.19 At begin shipout hook (HO)

(/usr/share/texlive/texmf-dist/tex/generic/infwarerr/infwarerr.sty
Package: infwarerr 2019/12/03 v1.5 Providing info/warning/error messages (HO)
)
(/usr/share/texlive/texmf-dist/tex/generic/ltxcmds/ltxcmds.sty
Package: ltxcmds 2019/12/15 v1.24 LaTeX kernel commands for general use (HO)
))
(/usr/share/texlive/texmf-dist/tex/latex/hyperref/hyperref.sty
Package: hyperref 2020/01/14 v7.00d Hypertext links for LaTeX

(/usr/share/texlive/texmf-dist/tex/latex/pdftexcmds/pdftexcmds.sty
Package: pdftexcmds 2019/11/24 v0.31 Utility functions of pdfTeX for LuaTeX (HO
)
Package pdftexcmds Info: \pdf@primitive is available.
Package pdftexcmds Info: \pdf@ifprimitive is available.
Package pdftexcmds Info: \pdfdraftmode is ignored in DVI mode.
)
(/usr/share/texlive/texmf-dist/tex/generic/kvsetkeys/kvsetkeys.sty
Package: kvsetkeys 2019/12/15 v1.18 Key value parser (HO)
)
(/usr/share/texlive/texmf-dist/tex/generic/kvdefinekeys/kvdefinekeys.sty
Package: kvdefinekeys 2019-12-19 v1.6 Define keys (HO)
)
(/usr/share/texlive/texmf-dist/tex/generic/pdfescape/pdfescape.sty
Package: pdfescape 2019/12/09 v1.15 Implements pdfTeX's escape features (HO)
)
(/usr/share/texlive/texmf-dist/tex/latex/hycolor/hycolor.sty
Package: hycolor 2020-01-27 v1.10 Color options for hyperref/bookmark (HO)
)
(/usr/share/texlive/texmf-dist/tex/latex/letltxmacro/letltxmacro.sty
Package: letltxmacro 2019/12/03 v1.6 Let assignment for LaTeX macros (HO)
)
(/usr/share/texlive/texmf-dist/tex/latex/auxhook/auxhook.sty
Package: auxhook 2019-12-17 v1.6 Hooks for auxiliary files (HO)
)
(/usr/share/texlive/texmf-dist/tex/latex/kvoptions/kvoptions.sty
Package: kvoptions 2019/11/29 v3.13 Key value format for package options (HO)
)
\@linkdim=\dimen197
\Hy@linkcounter=\count276
\Hy@pagecounter=\count277

(/usr/share/texlive/texmf-dist/tex/latex/hyperref/pd1enc.def
File: pd1enc.def 2020/01/14 v7.00d Hyperref: PDFDocEncoding definition (HO)
Now handling font encoding PD1 ...
... no UTF-8 mapping file for font encoding PD1
)
(/usr/share/texlive/texmf-dist/tex/generic/intcalc/intcalc.sty
Package: intcalc 2019/12/15 v1.3 Expandable calculations with integers (HO)
)
(/usr/share/texlive/texmf-dist/tex/generic/etexcmds/etexcmds.sty
Package: etexcmds 2019/12/15 v1.7 Avoid name clashes with e-TeX commands (HO)
)
\Hy@SavedSpaceFactor=\count278
\pdfmajorversion=\count279
Package hyperref Info: Option `bookmarks' set `true' on input line 4421.
Package hyperref Info: Option `bookmarksopen' set `true' on input line 4421.
Package hyperref Info: Option `implicit' set `false' on input line 4421.
Package hyperref Info: Hyper figures OFF on input line 4547.
Package hyperref Info: Link nesting OFF on input line 4552.
Package hyperref Info: Hyper index ON on input line 4555.
Package hyperref Info: Plain pages OFF on input line 4562.
Package hyperref Info: Backreferencing OFF on input line 4567.
Package hyperref Info: Implicit mode OFF; no redefinition of LaTeX internals.
Package hyperref Info: Bookmarks ON on input line 4800.
\c@Hy@tempcnt=\count280

(/usr/share/texlive/texmf-dist/tex/latex/url/url.sty
\Urlmuskip=\muskip16
Package: url 2013/09/16  ver 3.4  Verb mode for urls, etc.
)
LaTeX Info: Redefining \url on input line 5159.
\XeTeXLinkMargin=\dimen198

(/usr/share/texlive/texmf-dist/tex/generic/bitset/bitset.sty
Package: bitset 2019/12/09 v1.3 Handle bit-vector datatype (HO)

(/usr/share/texlive/texmf-dist/tex/generic/bigintcalc/bigintcalc.sty
Package: bigintcalc 2019/12/15 v1.5 Expandable calculations on big integers (HO
)
))
\Fld@menulength=\count281
\Field@Width=\dimen199
\Fld@charsize=\dimen256
Package hyperref Info: Hyper figures OFF on input line 6430.
Package hyperref Info: Link nesting OFF on input line 6435.
Package hyperref Info: Hyper index ON on input line 6438.
Package hyperref Info: backreferencing OFF on input line 6445.
Package hyperref Info: Link coloring OFF on input line 6450.
Package hyperref Info: Link coloring with OCG OFF on input line 6455.
Package hyperref Info: PDF/A mode OFF on input line 6460.
LaTeX Info: Redefining \ref on input line 6500.
LaTeX Info: Redefining \pageref on input line 6504.
\Hy@abspage=\count282


Package hyperref Message: Stopped early.

)
Package hyperref Info: Driver (default): hdvips.
 (/usr/share/texlive/texmf-dist/tex/latex/hyperref/hdvips.def
File: hdvips.def 2020/01/14 v7.00d Hyperref driver for dvips

(/usr/share/texlive/texmf-dist/tex/latex/hyperref/pdfmark.def
File: pdfmark.def 2020/01/14 v7.00d Hyperref definitions for pdfmark specials
\pdf@docset=\toks26
\pdf@box=\box60
\pdf@toks=\toks27
\pdf@defaulttoks=\toks28
\HyField@AnnotCount=\count283
\Fld@listcount=\count284
\c@bookmark@seq@number=\count285

(/usr/share/texlive/texmf-dist/tex/latex/rerunfilecheck/rerunfilecheck.sty
Package: rerunfilecheck 2019/12/05 v1.9 Rerun checks for auxiliary files (HO)

(/usr/share/texlive/texmf-dist/tex/latex/atveryend/atveryend.sty
Package: atveryend 2019-12-11 v1.11 Hooks at the very end of document (HO)
)
(/usr/share/texlive/texmf-dist/tex/generic/uniquecounter/uniquecounter.sty
Package: uniquecounter 2019/12/15 v1.4 Provide unlimited unique counter (HO)
)
Package uniquecounter Info: New unique counter `rerunfilecheck' on input line 2
86.
)))
(/usr/share/texlive/texmf-dist/tex/latex/beamer/beamerbaserequires.sty
(/usr/share/texlive/texmf-dist/tex/latex/beamer/beamerbasecompatibility.sty)
(/usr/share/texlive/texmf-dist/tex/latex/beamer/beamerbasefont.sty
(/usr/share/texlive/texmf-dist/tex/latex/amsfonts/amssymb.sty
Package: amssymb 2013/01/14 v3.01 AMS font symbols

(/usr/share/texlive/texmf-dist/tex/latex/amsfonts/amsfonts.sty
Package: amsfonts 2013/01/14 v3.01 Basic AMSFonts support
\@emptytoks=\toks29
\symAMSa=\mathgroup4
\symAMSb=\mathgroup5
LaTeX Font Info:    Redeclaring math symbol \hbar on input line 98.
LaTeX Font Info:    Overwriting math alphabet `\mathfrak' in version `bold'
(Font)                  U/euf/m/n --> U/euf/b/n on input line 106.
)))
(/usr/share/texlive/texmf-dist/tex/latex/beamer/beamerbasetranslator.sty
(/usr/share/texlive/texmf-dist/tex/latex/translator/translator.sty
Package: translator 2019-05-31 v1.12a Easy translation of strings in LaTeX
))
(/usr/share/texlive/texmf-dist/tex/latex/beamer/beamerbasemisc.sty)
(/usr/share/texlive/texmf-dist/tex/latex/beamer/beamerbasetwoscreens.sty)
(/usr/share/texlive/texmf-dist/tex/latex/beamer/beamerbaseoverlay.sty
\beamer@argscount=\count286
\beamer@lastskipcover=\skip50
\beamer@trivlistdepth=\count287
)
(/usr/share/texlive/texmf-dist/tex/latex/beamer/beamerbasetitle.sty)
(/usr/share/texlive/texmf-dist/tex/latex/beamer/beamerbasesection.sty
\c@lecture=\count288
\c@part=\count289
\c@section=\count290
\c@subsection=\count291
\c@subsubsection=\count292
)
(/usr/share/texlive/texmf-dist/tex/latex/beamer/beamerbaseframe.sty
\beamer@framebox=\box61
\beamer@frametitlebox=\box62
\beamer@zoombox=\box63
\beamer@zoomcount=\count293
\beamer@zoomframecount=\count294
\beamer@frametextheight=\dimen257
\c@subsectionslide=\count295
\beamer@frametopskip=\skip51
\beamer@framebottomskip=\skip52
\beamer@frametopskipautobreak=\skip53
\beamer@framebottomskipautobreak=\skip54
\beamer@envbody=\toks30
\framewidth=\dimen258
\c@framenumber=\count296
)
(/usr/share/texlive/texmf-dist/tex/latex/beamer/beamerbaseverbatim.sty
\beamer@verbatimfileout=\write4
)
(/usr/share/texlive/texmf-dist/tex/latex/beamer/beamerbaseframesize.sty
\beamer@splitbox=\box64
\beamer@autobreakcount=\count297
\beamer@autobreaklastheight=\dimen259
\beamer@frametitletoks=\toks31
\beamer@framesubtitletoks=\toks32
)
(/usr/share/texlive/texmf-dist/tex/latex/beamer/beamerbaseframecomponents.sty
\beamer@footins=\box65
)
(/usr/share/texlive/texmf-dist/tex/latex/beamer/beamerbasecolor.sty)
(/usr/share/texlive/texmf-dist/tex/latex/beamer/beamerbasenotes.sty
\beamer@frameboxcopy=\box66
)
(/usr/share/texlive/texmf-dist/tex/latex/beamer/beamerbasetoc.sty)
(/usr/share/texlive/texmf-dist/tex/latex/beamer/beamerbasetemplates.sty
\beamer@sbttoks=\toks33

(/usr/share/texlive/texmf-dist/tex/latex/beamer/beamerbaseauxtemplates.sty
(/usr/share/texlive/texmf-dist/tex/latex/beamer/beamerbaseboxes.sty
\bmb@box=\box67
\bmb@colorbox=\box68
\bmb@boxshadow=\box69
\bmb@boxshadowball=\box70
\bmb@boxshadowballlarge=\box71
\bmb@temp=\dimen260
\bmb@dima=\dimen261
\bmb@dimb=\dimen262
\bmb@prevheight=\dimen263
)
\beamer@blockheadheight=\dimen264
))
(/usr/share/texlive/texmf-dist/tex/latex/beamer/beamerbaselocalstructure.sty
(/usr/share/texlive/texmf-dist/tex/latex/tools/enumerate.sty
Package: enumerate 2015/07/23 v3.00 enumerate extensions (DPC)
\@enLab=\toks34
)
\c@figure=\count298
\c@table=\count299
\abovecaptionskip=\skip55
\belowcaptionskip=\skip56
)
(/usr/share/texlive/texmf-dist/tex/latex/beamer/beamerbasenavigation.sty
\beamer@section@min@dim=\dimen265
)
(/usr/share/texlive/texmf-dist/tex/latex/beamer/beamerbasetheorems.sty
(/usr/share/texlive/texmf-dist/tex/latex/amsmath/amsmath.sty
Package: amsmath 2020/01/20 v2.17e AMS math features
\@mathmargin=\skip57

For additional information on amsmath, use the `?' option.
(/usr/share/texlive/texmf-dist/tex/latex/amsmath/amstext.sty
Package: amstext 2000/06/29 v2.01 AMS text

(/usr/share/texlive/texmf-dist/tex/latex/amsmath/amsgen.sty
File: amsgen.sty 1999/11/30 v2.0 generic functions
\@emptytoks=\toks35
\ex@=\dimen266
))
(/usr/share/texlive/texmf-dist/tex/latex/amsmath/amsbsy.sty
Package: amsbsy 1999/11/29 v1.2d Bold Symbols
\pmbraise@=\dimen267
)
(/usr/share/texlive/texmf-dist/tex/latex/amsmath/amsopn.sty
Package: amsopn 2016/03/08 v2.02 operator names
)
\inf@bad=\count300
LaTeX Info: Redefining \frac on input line 227.
\uproot@=\count301
\leftroot@=\count302
LaTeX Info: Redefining \overline on input line 389.
\classnum@=\count303
\DOTSCASE@=\count304
LaTeX Info: Redefining \ldots on input line 486.
LaTeX Info: Redefining \dots on input line 489.
LaTeX Info: Redefining \cdots on input line 610.
\Mathstrutbox@=\box72
\strutbox@=\box73
\big@size=\dimen268
LaTeX Font Info:    Redeclaring font encoding OML on input line 733.
LaTeX Font Info:    Redeclaring font encoding OMS on input line 734.
\macc@depth=\count305
\c@MaxMatrixCols=\count306
\dotsspace@=\muskip17
\c@parentequation=\count307
\dspbrk@lvl=\count308
\tag@help=\toks36
\row@=\count309
\column@=\count310
\maxfields@=\count311
\andhelp@=\toks37
\eqnshift@=\dimen269
\alignsep@=\dimen270
\tagshift@=\dimen271
\tagwidth@=\dimen272
\totwidth@=\dimen273
\lineht@=\dimen274
\@envbody=\toks38
\multlinegap=\skip58
\multlinetaggap=\skip59
\mathdisplay@stack=\toks39
LaTeX Info: Redefining \[ on input line 2859.
LaTeX Info: Redefining \] on input line 2860.
)
(/usr/share/texlive/texmf-dist/tex/latex/amscls/amsthm.sty
Package: amsthm 2017/10/31 v2.20.4
\thm@style=\toks40
\thm@bodyfont=\toks41
\thm@headfont=\toks42
\thm@notefont=\toks43
\thm@headpunct=\toks44
\thm@preskip=\skip60
\thm@postskip=\skip61
\thm@headsep=\skip62
\dth@everypar=\toks45
)
\c@theorem=\count312
)
(/usr/share/texlive/texmf-dist/tex/latex/beamer/beamerbasethemes.sty))
(/usr/share/texlive/texmf-dist/tex/latex/beamer/beamerthemedefault.sty
(/usr/share/texlive/texmf-dist/tex/latex/beamer/beamerfontthemedefault.sty)
(/usr/share/texlive/texmf-dist/tex/latex/beamer/beamercolorthemedefault.sty)
(/usr/share/texlive/texmf-dist/tex/latex/beamer/beamerinnerthemedefault.sty
\beamer@dima=\dimen275
\beamer@dimb=\dimen276
)
(/usr/share/texlive/texmf-dist/tex/latex/beamer/beamerouterthemedefault.sty)))
(./BEAMERoptions.tex
(/usr/share/texlive/texmf-dist/tex/latex/beamer/beamerthemeFrankfurt.sty
(/usr/share/texlive/texmf-dist/tex/latex/beamer/beamerouterthemesmoothbars.sty)
(/usr/share/texlive/texmf-dist/tex/latex/beamer/beamerinnerthemerounded.sty)
(/usr/share/texlive/texmf-dist/tex/latex/beamer/beamercolorthemeorchid.sty)
(/usr/share/texlive/texmf-dist/tex/latex/beamer/beamercolorthemewhale.sty))
(/usr/share/texlive/texmf-dist/tex/latex/beamer/beamercolorthemestructure.sty)
(/usr/share/texlive/texmf-dist/tex/latex/beamer/beamerfontthemeserif.sty)
(./beamerouterthememathASUlogo.sty
Package: beamerouterthememathASUlogo 2020/01/08 v3.1.5b (3.1.5b)
))
(/usr/share/texlive/texmf-dist/tex/generic/babel/babel.sty
Package: babel 2020/02/14 3.40 The Babel package

(/usr/share/texlive/texmf-dist/tex/generic/babel/switch.def
File: switch.def 2020/02/14 3.40 Babel switching mechanism
)
(/usr/share/texlive/texmf-dist/tex/generic/babel-english/english.ldf
Language: english 2017/06/06 v3.3r English support from the babel system

(/usr/share/texlive/texmf-dist/tex/generic/babel/babel.def
File: babel.def 2020/02/14 3.40 Babel common definitions
\babel@savecnt=\count313
\U@D=\dimen277

(/usr/share/texlive/texmf-dist/tex/generic/babel/txtbabel.def)
\bbl@readstream=\read3
LaTeX Info: Redefining \textlatin on input line 2319.
\bbl@dirlevel=\count314
)
Package babel Info: \l@canadian = using hyphenrules for english
(babel)             (\language0) on input line 102.
Package babel Info: \l@australian = using hyphenrules for ukenglish
(babel)             (\language8) on input line 105.
Package babel Info: \l@newzealand = using hyphenrules for ukenglish
(babel)             (\language8) on input line 108.
))
(/usr/share/texlive/texmf-dist/tex/latex/base/fontenc.sty
Package: fontenc 2020/02/11 v2.0o Standard LaTeX package
)
(/usr/share/texlive/texmf-dist/tex/latex/base/inputenc.sty
Package: inputenc 2018/08/11 v1.3c Input encoding file
\inpenc@prehook=\toks46
\inpenc@posthook=\toks47

(/usr/share/texlive/texmf-dist/tex/latex/base/latin1.def
File: latin1.def 2018/08/11 v1.3c Input encoding file
))
(/usr/share/texlive/texmf-dist/tex/latex/pstricks/pstricks.sty
Package: pstricks 2018/12/21 v0.69 LaTeX wrapper for `PSTricks' (RN,HV)

(/usr/share/texlive/texmf-dist/tex/latex/tools/shellesc.sty
Package: shellesc 2019/11/08 v1.0c unified shell escape interface for LaTeX
Package shellesc Info: Restricted shell escape enabled on input line 77.
)
(/usr/share/texlive/texmf-dist/tex/generic/xkeyval/pst-xkey.tex
File: pst-xkey.tex 2005/11/25 v1.6 PSTricks specialization of xkeyval (HA)

(/usr/share/texlive/texmf-dist/tex/latex/xkeyval/xkeyval.sty
Package: xkeyval 2014/12/03 v2.7a package option processing (HA)

(/usr/share/texlive/texmf-dist/tex/generic/xkeyval/xkeyval.tex
(/usr/share/texlive/texmf-dist/tex/generic/xkeyval/xkvutils.tex
\XKV@toks=\toks48
\XKV@tempa@toks=\toks49
)
\XKV@depth=\count315
File: xkeyval.tex 2014/12/03 v2.7a key=value parser (HA)
)))
(/usr/share/texlive/texmf-dist/tex/generic/pstricks/pstricks.tex
(/usr/share/texlive/texmf-dist/tex/generic/pstricks/pst-fp.tex
`pst-fp' v0.05, 2010/01/17 (hv)
\pstFP@xs=\count316
\pstFP@xia=\count317
\pstFP@xib=\count318
\pstFP@xfa=\count319
\pstFP@xfb=\count320
\pstFP@rega=\count321
\pstFP@regb=\count322
\pstFP@regs=\count323
\pstFP@times=\count324
)
\psLoopIndex=\count325

`PSTricks' v2.97  <2019/05/11> (tvz,hv)
\pst@dima=\dimen278
\pst@dimb=\dimen279
\pst@dimc=\dimen280
\pst@dimd=\dimen281
\pst@dimg=\dimen282
\pst@dimh=\dimen283
\pst@dimm=\dimen284
\pst@dimn=\dimen285
\pst@dimo=\dimen286
\pst@dimp=\dimen287
\pst@hbox=\box74
\pst@ibox=\box75
\pst@boxg=\box76
\pst@cnta=\count326
\pst@cntb=\count327
\pst@cntc=\count328
\pst@cntd=\count329
\pst@cntg=\count330
\pst@cnth=\count331
\pst@cntm=\count332
\pst@cntn=\count333
\pst@cnto=\count334
\pst@cntp=\count335
\@zero=\count336
\pst@toks=\toks50
(/usr/share/texlive/texmf-dist/tex/generic/pstricks/pstricks.con)
\psunit=\dimen288
\psxunit=\dimen289
\psyunit=\dimen290
\pst@C@@rType=\count337
\pslinewidth=\dimen291
\psk@startLW=\dimen292
\psk@endLW=\dimen293
\pst@customdefs=\toks51
\pslinearc=\dimen294
\pst@symbolStep=\dimen295
\pst@symbolWidth=\dimen296
\pst@symbolLinewidth=\dimen297
\everypsbox=\toks52
\psframesep=\dimen298
\pslabelsep=\dimen299
\sh@wgridXunit=\dimen300
\sh@wgridYunit=\dimen301
\pst@shift=\dimen302
)
File: pstricks.tex 2019/05/11 v2.97 `PSTricks' (tvz,hv)

(/usr/share/texlive/texmf-dist/tex/generic/pstricks/pst-fp.tex)
File: pst-fp.tex 2019/05/11 v2.97 `PST-fp' (hv)
)
(/usr/share/texlive/texmf-dist/tex/latex/pst-node/pst-node.sty
Package: pst-node 2012/09/18 v1.01 LaTeX wrapper for `pst-node' (HV)
Package: pst-node 2010/04/22 package wrapper for pst-node.tex

(/usr/share/texlive/texmf-dist/tex/generic/pst-node/pst-node.tex
 v1.42, 2019/03/03
\psrow=\count338
\pscol=\count339
\psmatrixcnt=\count340
\psrowsep=\skip63
\pscolsep=\skip64
\pst@args=\count341
\num@pts=\count342
\pst@argcnt=\count343
)
File: pst-node.tex 2019/03/03 1.42 `pst-node' (tvz,hv)
)
(/usr/share/texlive/texmf-dist/tex/latex/pdftricks/pdftricks.sty
Package: pdftricks 2003/08/10 1.16 psTricks support in PDF (CVR/ACL)


Package pdftricks Warning: ****************************************
(pdftricks)                Package pdftricks v,1.16 loaded
(pdftricks)                [psTricks support in PDF (CVR, ACL)]
(pdftricks)                ****************************************.

runsystem(touch /tmp/w18-test-2023118928)...disabled (restricted).


Package pdftricks Warning: ****************************************
(pdftricks)                No \write 18 capability.
(pdftricks)                You'll have to run a script by yourself!
(pdftricks)                ****************************************.

(/usr/share/texlive/texmf-dist/tex/latex/moreverb/moreverb.sty
Package: moreverb 2008/06/03 v2.3a `more' verbatim facilities

(/usr/share/texlive/texmf-dist/tex/latex/tools/verbatim.sty
Package: verbatim 2019/11/10 v1.5r LaTeX2e package for verbatim enhancements
\every@verbatim=\toks53
\verbatim@line=\toks54
\verbatim@in@stream=\read4
)
\tab@position=\count344
\tab@size=\count345
\listing@line=\count346
)
\c@psfig=\count347
\c@arraylength=\count348
\c@ArrayIndex=\count349
\c@zeroCtr=\count350
\c@recordCtr=\count351
\c@Ctr=\count352
\c@f@irstCtr=\count353
\c@s@econdCtr=\count354
)
(/usr/share/texlive/texmf-dist/tex/latex/listings/listings.sty
\lst@mode=\count355
\lst@gtempboxa=\box77
\lst@token=\toks55
\lst@length=\count356
\lst@currlwidth=\dimen303
\lst@column=\count357
\lst@pos=\count358
\lst@lostspace=\dimen304
\lst@width=\dimen305
\lst@newlines=\count359
\lst@lineno=\count360
\lst@maxwidth=\dimen306

(/usr/share/texlive/texmf-dist/tex/latex/listings/lstmisc.sty
File: lstmisc.sty 2019/09/10 1.8c (Carsten Heinz)
\c@lstnumber=\count361
\lst@skipnumbers=\count362
\lst@framebox=\box78
)
(/usr/share/texlive/texmf-dist/tex/latex/listings/listings.cfg
File: listings.cfg 2019/09/10 1.8c listings configuration
))
Package: listings 2019/09/10 1.8c (Carsten Heinz)

(/usr/share/texlive/texmf-dist/tex/latex/fancybox/fancybox.sty
Package: fancybox 2010/05/15 1.4

Style option: `fancybox' v1.4 <2010/05/15> (tvz)
\@fancybox=\box79
\shadowsize=\dimen307
\@Sbox=\box80
\do@VerbBox=\toks56
\the@fancyput=\toks57
\this@fancyput=\toks58
\EndVerbatimTokens=\toks59
\Verbatim@Outfile=\write5
\Verbatim@Infile=\read5
) (/usr/share/texlive/texmf-dist/tex/latex/jknapltx/mathrsfs.sty
Package: mathrsfs 1996/01/01 Math RSFS package v1.0 (jk)
\symrsfs=\mathgroup6
)
(/usr/share/texlive/texmf-dist/tex/latex/psnfss/pifont.sty
Package: pifont 2005/04/12 PSNFSS-v9.2a Pi font support (SPQR) 
LaTeX Font Info:    Trying to load font information for U+pzd on input line 63.


(/usr/share/texlive/texmf-dist/tex/latex/psnfss/upzd.fd
File: upzd.fd 2001/06/04 font definitions for U/pzd.
)
LaTeX Font Info:    Trying to load font information for U+psy on input line 64.


(/usr/share/texlive/texmf-dist/tex/latex/psnfss/upsy.fd
File: upsy.fd 2001/06/04 font definitions for U/psy.
))
(/usr/share/texlive/texmf-dist/tex/latex/txfonts/txfonts.sty
Package: txfonts 2008/01/22 v3.2.1
LaTeX Font Info:    Redeclaring symbol font `operators' on input line 21.
LaTeX Font Info:    Overwriting symbol font `operators' in version `normal'
(Font)                  OT1/cmr/m/n --> OT1/txr/m/n on input line 21.
LaTeX Font Info:    Overwriting symbol font `operators' in version `bold'
(Font)                  OT1/cmr/bx/n --> OT1/txr/m/n on input line 21.
LaTeX Font Info:    Overwriting symbol font `operators' in version `bold'
(Font)                  OT1/txr/m/n --> OT1/txr/bx/n on input line 22.
\symitalic=\mathgroup7
LaTeX Font Info:    Overwriting symbol font `italic' in version `bold'
(Font)                  OT1/txr/m/it --> OT1/txr/bx/it on input line 26.
LaTeX Font Info:    Redeclaring math alphabet \mathbf on input line 29.
LaTeX Font Info:    Overwriting math alphabet `\mathbf' in version `normal'
(Font)                  OT1/cmr/bx/n --> OT1/txr/bx/n on input line 29.
LaTeX Font Info:    Overwriting math alphabet `\mathbf' in version `bold'
(Font)                  OT1/cmr/bx/n --> OT1/txr/bx/n on input line 29.
LaTeX Font Info:    Redeclaring math alphabet \mathit on input line 30.
LaTeX Font Info:    Overwriting math alphabet `\mathit' in version `normal'
(Font)                  OT1/cmr/m/it --> OT1/txr/m/it on input line 30.
LaTeX Font Info:    Overwriting math alphabet `\mathit' in version `bold'
(Font)                  OT1/cmr/bx/it --> OT1/txr/m/it on input line 30.
LaTeX Font Info:    Overwriting math alphabet `\mathit' in version `bold'
(Font)                  OT1/txr/m/it --> OT1/txr/bx/it on input line 31.
LaTeX Font Info:    Redeclaring math alphabet \mathsf on input line 40.
LaTeX Font Info:    Overwriting math alphabet `\mathsf' in version `normal'
(Font)                  OT1/cmss/m/n --> OT1/txss/m/n on input line 40.
LaTeX Font Info:    Overwriting math alphabet `\mathsf' in version `bold'
(Font)                  OT1/cmss/bx/n --> OT1/txss/m/n on input line 40.
LaTeX Font Info:    Overwriting math alphabet `\mathsf' in version `bold'
(Font)                  OT1/txss/m/n --> OT1/txss/b/n on input line 41.
LaTeX Font Info:    Redeclaring math alphabet \mathtt on input line 50.
LaTeX Font Info:    Overwriting math alphabet `\mathtt' in version `normal'
(Font)                  OT1/cmtt/m/n --> OT1/txtt/m/n on input line 50.
LaTeX Font Info:    Overwriting math alphabet `\mathtt' in version `bold'
(Font)                  OT1/cmtt/m/n --> OT1/txtt/m/n on input line 50.
LaTeX Font Info:    Overwriting math alphabet `\mathtt' in version `bold'
(Font)                  OT1/txtt/m/n --> OT1/txtt/b/n on input line 51.
LaTeX Font Info:    Redeclaring symbol font `letters' on input line 58.
LaTeX Font Info:    Overwriting symbol font `letters' in version `normal'
(Font)                  OML/cmm/m/it --> OML/txmi/m/it on input line 58.
LaTeX Font Info:    Overwriting symbol font `letters' in version `bold'
(Font)                  OML/cmm/b/it --> OML/txmi/m/it on input line 58.
LaTeX Font Info:    Overwriting symbol font `letters' in version `bold'
(Font)                  OML/txmi/m/it --> OML/txmi/bx/it on input line 59.
\symlettersA=\mathgroup8
LaTeX Font Info:    Overwriting symbol font `lettersA' in version `bold'
(Font)                  U/txmia/m/it --> U/txmia/bx/it on input line 67.
LaTeX Font Info:    Redeclaring math alphabet \mathfrak on input line 70.
LaTeX Font Info:    Redeclaring symbol font `symbols' on input line 77.
LaTeX Font Info:    Overwriting symbol font `symbols' in version `normal'
(Font)                  OMS/cmsy/m/n --> OMS/txsy/m/n on input line 77.
LaTeX Font Info:    Overwriting symbol font `symbols' in version `bold'
(Font)                  OMS/cmsy/b/n --> OMS/txsy/m/n on input line 77.
LaTeX Font Info:    Overwriting symbol font `symbols' in version `bold'
(Font)                  OMS/txsy/m/n --> OMS/txsy/bx/n on input line 78.
LaTeX Font Info:    Redeclaring symbol font `AMSa' on input line 93.
LaTeX Font Info:    Overwriting symbol font `AMSa' in version `normal'
(Font)                  U/msa/m/n --> U/txsya/m/n on input line 93.
LaTeX Font Info:    Overwriting symbol font `AMSa' in version `bold'
(Font)                  U/msa/m/n --> U/txsya/m/n on input line 93.
LaTeX Font Info:    Overwriting symbol font `AMSa' in version `bold'
(Font)                  U/txsya/m/n --> U/txsya/bx/n on input line 94.
LaTeX Font Info:    Redeclaring symbol font `AMSb' on input line 102.
LaTeX Font Info:    Overwriting symbol font `AMSb' in version `normal'
(Font)                  U/msb/m/n --> U/txsyb/m/n on input line 102.
LaTeX Font Info:    Overwriting symbol font `AMSb' in version `bold'
(Font)                  U/msb/m/n --> U/txsyb/m/n on input line 102.
LaTeX Font Info:    Overwriting symbol font `AMSb' in version `bold'
(Font)                  U/txsyb/m/n --> U/txsyb/bx/n on input line 103.
\symsymbolsC=\mathgroup9
LaTeX Font Info:    Overwriting symbol font `symbolsC' in version `bold'
(Font)                  U/txsyc/m/n --> U/txsyc/bx/n on input line 113.
LaTeX Font Info:    Redeclaring symbol font `largesymbols' on input line 120.
LaTeX Font Info:    Overwriting symbol font `largesymbols' in version `normal'
(Font)                  OMX/cmex/m/n --> OMX/txex/m/n on input line 120.
LaTeX Font Info:    Overwriting symbol font `largesymbols' in version `bold'
(Font)                  OMX/cmex/m/n --> OMX/txex/m/n on input line 120.
LaTeX Font Info:    Overwriting symbol font `largesymbols' in version `bold'
(Font)                  OMX/txex/m/n --> OMX/txex/bx/n on input line 121.
\symlargesymbolsA=\mathgroup10
LaTeX Font Info:    Overwriting symbol font `largesymbolsA' in version `bold'
(Font)                  U/txexa/m/n --> U/txexa/bx/n on input line 129.
LaTeX Font Info:    Redeclaring math symbol \mathsterling on input line 164.
LaTeX Info: Redefining \not on input line 1043.
LaTeX Info: Redefining \textsquare on input line 1063.
LaTeX Info: Redefining \openbox on input line 1064.
)
(/usr/share/texlive/texmf-dist/tex/latex/comment/comment.sty
\CommentStream=\write6

Excluding comment 'comment')
(/usr/share/texlive/texmf-dist/tex/latex/l3backend/l3backend-dvips.def
File: l3backend-dvips.def 2020-02-03 L3 backend support: dvips
\l__pdf_internal_box=\box81
\g__pdf_backend_object_int=\count363
\l__pdf_backend_content_box=\box82
\l__pdf_backend_model_box=\box83
\g__pdf_backend_annotation_int=\count364
\g__pdf_backend_link_int=\count365
\g__pdf_backend_link_sf_int=\count366
)
(./master.aux)
\openout1 = `master.aux'.

LaTeX Font Info:    Checking defaults for OML/txmi/m/it on input line 203.
LaTeX Font Info:    Trying to load font information for OML+txmi on input line 
203.
 (/usr/share/texlive/texmf-dist/tex/latex/txfonts/omltxmi.fd
File: omltxmi.fd 2000/12/15 v3.1
)
LaTeX Font Info:    ... okay on input line 203.
LaTeX Font Info:    Checking defaults for OMS/txsy/m/n on input line 203.
LaTeX Font Info:    Trying to load font information for OMS+txsy on input line 
203.

(/usr/share/texlive/texmf-dist/tex/latex/txfonts/omstxsy.fd
File: omstxsy.fd 2000/12/15 v3.1
)
LaTeX Font Info:    ... okay on input line 203.
LaTeX Font Info:    Checking defaults for OT1/cmr/m/n on input line 203.
LaTeX Font Info:    ... okay on input line 203.
LaTeX Font Info:    Checking defaults for T1/cmr/m/n on input line 203.
LaTeX Font Info:    ... okay on input line 203.
LaTeX Font Info:    Checking defaults for TS1/cmr/m/n on input line 203.
LaTeX Font Info:    ... okay on input line 203.
LaTeX Font Info:    Checking defaults for OMX/txex/m/n on input line 203.
LaTeX Font Info:    Trying to load font information for OMX+txex on input line 
203.

(/usr/share/texlive/texmf-dist/tex/latex/txfonts/omxtxex.fd
File: omxtxex.fd 2000/12/15 v3.1
)
LaTeX Font Info:    ... okay on input line 203.
LaTeX Font Info:    Checking defaults for U/txexa/m/n on input line 203.
LaTeX Font Info:    Trying to load font information for U+txexa on input line 2
03.

(/usr/share/texlive/texmf-dist/tex/latex/txfonts/utxexa.fd
File: utxexa.fd 2000/12/15 v3.1
)
LaTeX Font Info:    ... okay on input line 203.
LaTeX Font Info:    Checking defaults for PD1/pdf/m/n on input line 203.
LaTeX Font Info:    ... okay on input line 203.
LaTeX Font Info:    Trying to load font information for T1+txr on input line 20
3.

(/usr/share/texlive/texmf-dist/tex/latex/txfonts/t1txr.fd
File: t1txr.fd 2000/12/15 v3.1
)
*geometry* driver: auto-detecting
*geometry* detected driver: dvips
*geometry* verbose mode - [ preamble ] result:
* driver: dvips
* paper: custom
* layout: <same size as paper>
* layoutoffset:(h,v)=(0.0pt,0.0pt)
* modes: includehead includefoot 
* h-part:(L,W,R)=(10.00002pt, 344.19533pt, 10.00002pt)
* v-part:(T,H,B)=(0.0pt, 273.14662pt, 0.0pt)
* \paperwidth=364.19536pt
* \paperheight=273.14662pt
* \textwidth=344.19533pt
* \textheight=244.6939pt
* \oddsidemargin=-62.26997pt
* \evensidemargin=-62.26997pt
* \topmargin=-72.26999pt
* \headheight=14.22636pt
* \headsep=0.0pt
* \topskip=10.0pt
* \footskip=14.22636pt
* \marginparwidth=3.0pt
* \marginparsep=11.0pt
* \columnsep=10.0pt
* \skip\footins=9.0pt plus 4.0pt minus 2.0pt
* \hoffset=0.0pt
* \voffset=0.0pt
* \mag=1000
* \@twocolumnfalse
* \@twosidefalse
* \@mparswitchfalse
* \@reversemarginfalse
* (1in=72.27pt=25.4mm, 1cm=28.453pt)

ABD: EveryShipout initializing macros
\AtBeginShipoutBox=\box84
Package hyperref Info: Link coloring OFF on input line 203.

(/usr/share/texlive/texmf-dist/tex/latex/hyperref/nameref.sty
Package: nameref 2019/09/16 v2.46 Cross-referencing by name of section

(/usr/share/texlive/texmf-dist/tex/latex/refcount/refcount.sty
Package: refcount 2019/12/15 v3.6 Data extraction from label references (HO)
)
(/usr/share/texlive/texmf-dist/tex/generic/gettitlestring/gettitlestring.sty
Package: gettitlestring 2019/12/15 v1.6 Cleanup title references (HO)
)
\c@section@level=\count367
)
LaTeX Info: Redefining \ref on input line 203.
LaTeX Info: Redefining \pageref on input line 203.
LaTeX Info: Redefining \nameref on input line 203.

(./master.out) (./master.out)
\@outlinefile=\write7
\openout7 = `master.out'.

\symnumbers=\mathgroup11
\sympureletters=\mathgroup12
LaTeX Font Info:    Overwriting math alphabet `\mathrm' in version `normal'
(Font)                  OT1/txr/m/n --> T1/txr/m/n on input line 203.
LaTeX Font Info:    Redeclaring math alphabet \mathbf on input line 203.
LaTeX Font Info:    Overwriting math alphabet `\mathbf' in version `normal'
(Font)                  OT1/txr/bx/n --> T1/txr/b/n on input line 203.
LaTeX Font Info:    Overwriting math alphabet `\mathbf' in version `bold'
(Font)                  OT1/txr/bx/n --> T1/txr/b/n on input line 203.
LaTeX Font Info:    Redeclaring math alphabet \mathsf on input line 203.
LaTeX Font Info:    Overwriting math alphabet `\mathsf' in version `normal'
(Font)                  OT1/txss/m/n --> T1/txss/m/n on input line 203.
LaTeX Font Info:    Overwriting math alphabet `\mathsf' in version `bold'
(Font)                  OT1/txss/b/n --> T1/txss/m/n on input line 203.
LaTeX Font Info:    Redeclaring math alphabet \mathit on input line 203.
LaTeX Font Info:    Overwriting math alphabet `\mathit' in version `normal'
(Font)                  OT1/txr/m/it --> T1/txr/m/it on input line 203.
LaTeX Font Info:    Overwriting math alphabet `\mathit' in version `bold'
(Font)                  OT1/txr/bx/it --> T1/txr/m/it on input line 203.
LaTeX Font Info:    Redeclaring math alphabet \mathtt on input line 203.
LaTeX Font Info:    Overwriting math alphabet `\mathtt' in version `normal'
(Font)                  OT1/txtt/m/n --> T1/txtt/m/n on input line 203.
LaTeX Font Info:    Overwriting math alphabet `\mathtt' in version `bold'
(Font)                  OT1/txtt/b/n --> T1/txtt/m/n on input line 203.
LaTeX Font Info:    Overwriting symbol font `numbers' in version `bold'
(Font)                  T1/txr/m/n --> T1/txr/b/n on input line 203.
LaTeX Font Info:    Overwriting symbol font `pureletters' in version `bold'
(Font)                  T1/txr/m/it --> T1/txr/b/it on input line 203.
LaTeX Font Info:    Overwriting math alphabet `\mathrm' in version `bold'
(Font)                  OT1/txr/bx/n --> T1/txr/b/n on input line 203.
LaTeX Font Info:    Overwriting math alphabet `\mathbf' in version `bold'
(Font)                  T1/txr/b/n --> T1/txr/b/n on input line 203.
LaTeX Font Info:    Overwriting math alphabet `\mathsf' in version `bold'
(Font)                  T1/txss/m/n --> T1/txss/b/n on input line 203.
LaTeX Font Info:    Overwriting math alphabet `\mathit' in version `bold'
(Font)                  T1/txr/m/it --> T1/txr/b/it on input line 203.
LaTeX Font Info:    Overwriting math alphabet `\mathtt' in version `bold'
(Font)                  T1/txtt/m/n --> T1/txtt/b/n on input line 203.

(/usr/share/texlive/texmf-dist/tex/latex/translator/translator-basic-dictionary
-English.dict
Dictionary: translator-basic-dictionary, Language: English 
)
(/usr/share/texlive/texmf-dist/tex/latex/translator/translator-bibliography-dic
tionary-English.dict
Dictionary: translator-bibliography-dictionary, Language: English 
)
(/usr/share/texlive/texmf-dist/tex/latex/translator/translator-environment-dict
ionary-English.dict
Dictionary: translator-environment-dictionary, Language: English 
)
(/usr/share/texlive/texmf-dist/tex/latex/translator/translator-months-dictionar
y-English.dict
Dictionary: translator-months-dictionary, Language: English 
)
(/usr/share/texlive/texmf-dist/tex/latex/translator/translator-numbers-dictiona
ry-English.dict
Dictionary: translator-numbers-dictionary, Language: English 
)
(/usr/share/texlive/texmf-dist/tex/latex/translator/translator-theorem-dictiona
ry-English.dict
Dictionary: translator-theorem-dictionary, Language: English 
)
\c@lstlisting=\count368
 (./master.nav)
File: figs/logous.eps Graphic file (type eps)
 <figs/logous.eps>
LaTeX Font Info:    Font shape `T1/txr/b/n' in size <5> not available
(Font)              Font shape `T1/txr/bx/n' tried instead on input line 203.
File: figs/logous.eps Graphic file (type eps)
 <figs/logous.eps>
LaTeX Font Info:    Font shape `T1/txr/b/n' in size <12> not available
(Font)              Font shape `T1/txr/bx/n' tried instead on input line 211.
 [1

]
(./master.toc)
File: figs/logous.eps Graphic file (type eps)
 <figs/logous.eps> [2

] (./intro.tex
File: figs/landscape.eps Graphic file (type eps)
 <figs/landscape.eps>
File: figs/logous.eps Graphic file (type eps)

<figs/logous.eps> [3

]
File: figs/segre.ps Graphic file (type eps)
 <figs/segre.ps>
File: figs/logous.eps Graphic file (type eps)
 <figs/logous.eps> [4

]
LaTeX Font Info:    Trying to load font information for OT1+txr on input line 6
2.

(/usr/share/texlive/texmf-dist/tex/latex/txfonts/ot1txr.fd
File: ot1txr.fd 2000/12/15 v3.1
)
LaTeX Font Info:    Trying to load font information for U+txsya on input line 6
2.

(/usr/share/texlive/texmf-dist/tex/latex/txfonts/utxsya.fd
File: utxsya.fd 2000/12/15 v3.1
)
LaTeX Font Info:    Trying to load font information for U+txsyb on input line 6
2.

(/usr/share/texlive/texmf-dist/tex/latex/txfonts/utxsyb.fd
File: utxsyb.fd 2000/12/15 v3.1
)
LaTeX Font Info:    Trying to load font information for U+rsfs on input line 62
.

(/usr/share/texlive/texmf-dist/tex/latex/jknapltx/ursfs.fd
File: ursfs.fd 1998/03/24 rsfs font definition file (jk)
)
LaTeX Font Info:    Trying to load font information for U+txmia on input line 6
2.

(/usr/share/texlive/texmf-dist/tex/latex/txfonts/utxmia.fd
File: utxmia.fd 2000/12/15 v3.1
)
LaTeX Font Info:    Trying to load font information for U+txsyc on input line 6
2.

(/usr/share/texlive/texmf-dist/tex/latex/txfonts/utxsyc.fd
File: utxsyc.fd 2000/12/15 v3.1
)
LaTeX Font Info:    Font shape `T1/txr/b/n' in size <10> not available
(Font)              Font shape `T1/txr/bx/n' tried instead on input line 62.
File: figs/6He.eps Graphic file (type eps)
 <figs/6He.eps>
File: figs/borromean.eps Graphic file (type eps)

<figs/borromean.eps>
File: figs/logous.eps Graphic file (type eps)
 <figs/logous.eps> [5

]
File: figs/logous.eps Graphic file (type eps)
 <figs/logous.eps> [6

]
File: figs/he46pb_e19_data.eps Graphic file (type eps)

<figs/he46pb_e19_data.eps>
File: figs/he46pb_e22_data.eps Graphic file (type eps)
 <figs/he46pb_e22_data.eps>
File: figs/logous.eps Graphic file (type eps)
 <figs/logous.eps>
[7

]
File: figs/bidim-22MeV-new2.eps Graphic file (type eps)
 <figs/bidim-22MeV-new2.eps>
File: figs/he6pb_e22_pbu_data.eps Graphic file (type eps)
 <figs/he6pb_e22_pbu_data.eps>
File: figs/logous.eps Graphic file (type eps)

<figs/logous.eps> [8

]
File: figs/interaction_xs.eps Graphic file (type eps)
 <figs/interaction_xs.eps>
File: figs/radios_tanihata_orig.eps Graphic file (type eps)

<figs/radios_tanihata_orig.eps>
Overfull \vbox (8.13742pt too high) detected at line 194
 []

File: figs/logous.eps Graphic file (type eps)
<figs/logous.eps> [9

]
File: figs/liradii.eps Graphic file (type eps)
 <figs/liradii.eps>
File: figs/lithium-isotopes.eps Graphic file (type eps)
 <figs/lithium-isotopes.eps>
File: figs/logous.eps Graphic file (type eps)

<figs/logous.eps> [10

]
File: figs/li9momdis.eps Graphic file (type eps)
 <figs/li9momdis.eps>
File: figs/logous.eps Graphic file (type eps)
 <figs/logous.eps> [11

]
File: figs/momdis_chart.eps Graphic file (type eps)

<figs/momdis_chart.eps>
File: figs/logous.eps Graphic file (type eps)
 <figs/logous.eps> [12

]) (./modelling.tex
File: figs/logous.eps Graphic file (type eps)

<figs/logous.eps> [13

]
File: figs/logous.eps Graphic file (type eps)
 <figs/logous.eps> [14

]
File: figs/be10d_chans.eps Graphic file (type eps)
 <figs/be10d_chans.eps>
File: figs/logous.eps Graphic file (type eps)

<figs/logous.eps> [15

]
File: figs/logous.eps Graphic file (type eps)
 <figs/logous.eps> [16

]
File: figs/isolde.eps Graphic file (type eps)
 <figs/isolde.eps>
Overfull \hbox (0.69057pt too wide) in paragraph at lines 131--131
[][] 
 []

File: figs/computer.eps Graphic file (type eps)
<figs/computer.eps>
File: figs/logous.eps Graphic file (type eps)
 <figs/logous.eps> [17

]
File: figs/isolde.eps Graphic file (type eps)
 <figs/isolde.eps>
Overfull \hbox (0.69057pt too wide) in paragraph at lines 131--131
[][] 
 []

File: figs/computer.eps Graphic file (type eps)
<figs/computer.eps>
File: figs/logous.eps Graphic file (type eps)
 <figs/logous.eps> [18

] Excluding 'comment' comment.
File: figs/scattering1.eps Graphic file (type eps)

<figs/scattering1.eps>
File: figs/logous.eps Graphic file (type eps)
 <figs/logous.eps> [19

] (./figs/be10d_chans_H.pstex_t
File: figs/be10d_chans_H.pstex Graphic file (type eps)

<figs/be10d_chans_H.pstex>
LaTeX Font Info:    Trying to load font information for T1+txss on input line 1
4.

(/usr/share/texlive/texmf-dist/tex/latex/txfonts/t1txss.fd
File: t1txss.fd 2000/12/15 v3.1
)
LaTeX Font Info:    Font shape `T1/txss/m/n' will be
(Font)              scaled to size 18.99994pt on input line 14.
LaTeX Font Info:    Calculating math sizes for size <20> on input line 14.


LaTeX Font Warning: Font shape `U/rsfs/m/n' in size <20> not available
(Font)              size <20.74> substituted on input line 14.


LaTeX Font Warning: Font shape `U/rsfs/m/n' in size <13.99994> not available
(Font)              size <14.4> substituted on input line 14.

)
File: figs/logous.eps Graphic file (type eps)
 <figs/logous.eps> [20

]
LaTeX Font Info:    Font shape `T1/txr/b/n' in size <7> not available
(Font)              Font shape `T1/txr/bx/n' tried instead on input line 257.
File: figs/logous.eps Graphic file (type eps)
 <figs/logous.eps> [21

]
File: figs/scattering.eps Graphic file (type eps)
 <figs/scattering.eps>
File: figs/transfer_mom.eps Graphic file (type eps)

<figs/transfer_mom.eps>
File: figs/logous.eps Graphic file (type eps)
 <figs/logous.eps> [22

]
File: figs/logous.eps Graphic file (type eps)
 <figs/logous.eps> [23

]
File: figs/logous.eps Graphic file (type eps)

<figs/logous.eps> [24

]
File: figs/logous.eps Graphic file (type eps)
 <figs/logous.eps> [25

]
File: figs/logous.eps Graphic file (type eps)
 <figs/logous.eps> [26

]
File: figs/logous.eps Graphic file (type eps)

<figs/logous.eps> [27

]
File: figs/be10dp_channels.eps Graphic file (type eps)
 <figs/be10dp_channels.eps>
File: figs/logous.eps Graphic file (type eps)
 <figs/logous.eps> [28

]
File: figs/be11t_mic.eps Graphic file (type eps)

<figs/be11t_mic.eps>
File: figs/be11t_inert.eps Graphic file (type eps)
 <figs/be11t_inert.eps>
File: figs/be11t_corex.eps Graphic file (type eps)
 <figs/be11t_corex.eps>
File: figs/logous.eps Graphic file (type eps)

<figs/logous.eps> [29

]
File: figs/be11t_mic.eps Graphic file (type eps)
 <figs/be11t_mic.eps>
File: figs/be11t_inert.eps Graphic file (type eps)
 <figs/be11t_inert.eps>
File: figs/be11t_corex.eps Graphic file (type eps)

<figs/be11t_corex.eps>
File: figs/logous.eps Graphic file (type eps)
 <figs/logous.eps> [30

]
File: figs/be11t_mic.eps Graphic file (type eps)
 <figs/be11t_mic.eps>
File: figs/be11t_inert.eps Graphic file (type eps)

<figs/be11t_inert.eps>
File: figs/be11t_corex.eps Graphic file (type eps)
 <figs/be11t_corex.eps>
File: figs/logous.eps Graphic file (type eps)
 <figs/logous.eps> [31

])
(./elastic.tex
File: figs/logous.eps Graphic file (type eps)
 <figs/logous.eps> [32

]
File: figs/singlefold.eps Graphic file (type eps)
 <figs/singlefold.eps>
File: figs/doublefold.eps Graphic file (type eps)

<figs/doublefold.eps>
LaTeX Font Info:    Font shape `T1/txr/b/n' in size <9> not available
(Font)              Font shape `T1/txr/bx/n' tried instead on input line 90.
LaTeX Font Info:    Font shape `T1/txr/b/n' in size <6> not available
(Font)              Font shape `T1/txr/bx/n' tried instead on input line 90.
File: figs/logous.eps Graphic file (type eps)
 <figs/logous.eps> [33

]
File: figs/logous.eps Graphic file (type eps)
 <figs/logous.eps> [34

]
File: figs/logous.eps Graphic file (type eps)

<figs/logous.eps> [35

]
File: figs/logous.eps Graphic file (type eps)
 <figs/logous.eps> [36

]
File: figs/logous.eps Graphic file (type eps)
 <figs/logous.eps> [37

]
Excluding 'comment' comment. Excluding 'comment' comment.
File: figs/logous.eps Graphic file (type eps)
 <figs/logous.eps>
[38

]
File: figs/logous.eps Graphic file (type eps)
 <figs/logous.eps> [39

]
File: figs/smat.eps Graphic file (type eps)
 <figs/smat.eps>
File: figs/logous.eps Graphic file (type eps)
 <figs/logous.eps> [40

]
File: figs/logous.eps Graphic file (type eps)

<figs/logous.eps> [41

]
Overfull \hbox (33.55573pt too wide) detected at line 605
[]
 []


LaTeX Font Warning: Command \small invalid in math mode on input line 605.

File: figs/logous.eps Graphic file (type eps)
<figs/logous.eps> [42

]
File: figs/logous.eps Graphic file (type eps)
 <figs/logous.eps> [43

]
File: figs/logous.eps Graphic file (type eps)
 <figs/logous.eps> [44

]
File: figs/he4ni_veff.eps Graphic file (type eps)

<figs/he4ni_veff.eps>
File: figs/logous.eps Graphic file (type eps)
 <figs/logous.eps> [45

]

Package amsmath Warning: Foreign command \over;
(amsmath)                \frac or \genfrac should be used instead
(amsmath)                 on input line 709.

File: figs/logous.eps Graphic file (type eps)
<figs/logous.eps> [46

]
File: figs/he4ni_e5_abs.eps Graphic file (type eps)
 <figs/he4ni_e5_abs.eps>
File: figs/he4ni_e10_abs.eps Graphic file (type eps)
 <figs/he4ni_e10_abs.eps>
File: figs/he4ni_e25_abs.eps Graphic file (type eps)

<figs/he4ni_e25_abs.eps>
File: figs/he4ni_e5.eps Graphic file (type eps)
 <figs/he4ni_e5.eps>
File: figs/he4ni_e10.eps Graphic file (type eps)
 <figs/he4ni_e10.eps>
File: figs/he4ni_e25.eps Graphic file (type eps)

<figs/he4ni_e25.eps>
File: figs/logous.eps Graphic file (type eps)
 <figs/logous.eps> [47

]
LaTeX Font Info:    Font shape `T1/txr/b/n' in size <8> not available
(Font)              Font shape `T1/txr/bx/n' tried instead on input line 813.
File: figs/logous.eps Graphic file (type eps)
 <figs/logous.eps> [48

]
File: figs/rutherford.eps Graphic file (type eps)

<figs/rutherford.eps>
File: figs/he4ni_e5_abs.eps Graphic file (type eps)
 <figs/he4ni_e5_abs.eps>
File: figs/logous.eps Graphic file (type eps)
 <figs/logous.eps> [49

]
File: figs/fraunhofer.eps Graphic file (type eps)

<figs/fraunhofer.eps>
File: figs/he4ni_e25.eps Graphic file (type eps)
 <figs/he4ni_e25.eps>
File: figs/logous.eps Graphic file (type eps)
 <figs/logous.eps> [50

]
File: figs/fraunhofer.eps Graphic file (type eps)

<figs/fraunhofer.eps>
File: figs/he4ni_e25_nearfa.eps Graphic file (type eps)
 <figs/he4ni_e25_nearfa.eps>
File: figs/logous.eps Graphic file (type eps)
 <figs/logous.eps> [51

]
File: figs/fresnel.eps Graphic file (type eps)

<figs/fresnel.eps>
File: figs/he4ni_e10.eps Graphic file (type eps)
 <figs/he4ni_e10.eps>
File: figs/logous.eps Graphic file (type eps)
 <figs/logous.eps> [52

]
File: figs/he4pb_e22.eps Graphic file (type eps)

<figs/he4pb_e22.eps>
File: figs/he6pb_e22.eps Graphic file (type eps)
 <figs/he6pb_e22.eps>
File: figs/logous.eps Graphic file (type eps)
 <figs/logous.eps> [53

]
File: figs/6he-tidal.eps Graphic file (type eps)

<figs/6he-tidal.eps>
File: figs/be1-he6.eps Graphic file (type eps)
 <figs/be1-he6.eps>
File: figs/logous.eps Graphic file (type eps)
 <figs/logous.eps> [54

]
File: figs/a1_traj.eps Graphic file (type eps)

<figs/a1_traj.eps>
File: figs/logous.eps Graphic file (type eps)
 <figs/logous.eps> [55

]
File: figs/logous.eps Graphic file (type eps)
 <figs/logous.eps> [56

]
File: figs/he6pb_e22_om.eps Graphic file (type eps)

<figs/he6pb_e22_om.eps>
File: figs/he6pb_cdp.eps Graphic file (type eps)
 <figs/he6pb_cdp.eps>
File: figs/logous.eps Graphic file (type eps)
 <figs/logous.eps> [57

]
File: figs/RE.eps Graphic file (type eps)

<figs/RE.eps>
File: figs/dpb_scattering.eps Graphic file (type eps)
 <figs/dpb_scattering.eps>
File: figs/logous.eps Graphic file (type eps)
 <figs/logous.eps> [58

])
(./inelastic.tex
File: figs/logous.eps Graphic file (type eps)
 <figs/logous.eps> [59

]
File: figs/be11pb_inel.eps Graphic file (type eps)
 <figs/be11pb_inel.eps>
File: figs/be11_spectrum_crop.eps Graphic file (type eps)

<figs/be11_spectrum_crop.eps>
File: figs/logous.eps Graphic file (type eps)
 <figs/logous.eps> [60

]
File: figs/deformed-nucleus.eps Graphic file (type eps)

<figs/deformed-nucleus.eps>
File: figs/be11pb_inel.eps Graphic file (type eps)
 <figs/be11pb_inel.eps>
File: figs/logous.eps Graphic file (type eps)
 <figs/logous.eps> [61

]
File: figs/vibrations.eps Graphic file (type eps)

<figs/vibrations.eps>
File: figs/logous.eps Graphic file (type eps)
 <figs/logous.eps> [62

]
File: figs/samarium.eps Graphic file (type eps)
 <figs/samarium.eps>
File: figs/logous.eps Graphic file (type eps)

<figs/logous.eps> [63

]
File: figs/be11_spectrum_crop.eps Graphic file (type eps)
 <figs/be11_spectrum_crop.eps>
File: figs/be11_capas_inert.eps Graphic file (type eps)

<figs/be11_capas_inert.eps>
File: figs/be11_capas_j12n.eps Graphic file (type eps)
 <figs/be11_capas_j12n.eps>
File: figs/logous.eps Graphic file (type eps)
 <figs/logous.eps>
[64

]
File: figs/o16_spectrum.eps Graphic file (type eps)
 <figs/o16_spectrum.eps>
File: figs/be11_spectrum_crop.eps Graphic file (type eps)
 <figs/be11_spectrum_crop.eps>
File: figs/logous.eps Graphic file (type eps)
 <figs/logous.eps>
[65

]
File: figs/logous.eps Graphic file (type eps)
 <figs/logous.eps> [66

]
File: figs/logous.eps Graphic file (type eps)
 <figs/logous.eps> [67

]
File: figs/be10d_modelspace_ine.eps Graphic file (type eps)

<figs/be10d_modelspace_ine.eps>
File: figs/logous.eps Graphic file (type eps)
 <figs/logous.eps> [68

]
File: figs/logous.eps Graphic file (type eps)
 <figs/logous.eps>
[69

]
File: figs/logous.eps Graphic file (type eps)
 <figs/logous.eps> [70

]
File: figs/logous.eps Graphic file (type eps)
 <figs/logous.eps> [71

]
File: figs/logous.eps Graphic file (type eps)
 <figs/logous.eps> [72

]
File: figs/logous.eps Graphic file (type eps)

<figs/logous.eps> [73

]
File: figs/dwba.eps Graphic file (type eps)
 <figs/dwba.eps>
File: figs/cc.eps Graphic file (type eps)
 <figs/cc.eps>
File: figs/logous.eps Graphic file (type eps)
 <figs/logous.eps> [74

]
File: figs/logous.eps Graphic file (type eps)

<figs/logous.eps> [75

]
File: figs/li7t_coord.eps Graphic file (type eps)
 <figs/li7t_coord.eps>
Overfull \hbox (0.68364pt too wide) in paragraph at lines 470--470
[][]  
 []

File: figs/logous.eps Graphic file (type eps)
<figs/logous.eps> [76

]
File: figs/li7spectrum2.eps Graphic file (type eps)
 <figs/li7spectrum2.eps>
File: figs/li7pb_e70_el.eps Graphic file (type eps)
 <figs/li7pb_e70_el.eps>
File: figs/li7pb_e70_inel.eps Graphic file (type eps)

<figs/li7pb_e70_inel.eps>
Overfull \vbox (110.94843pt too high) detected at line 495
 []

File: figs/logous.eps Graphic file (type eps)
<figs/logous.eps> [77

]) (./breakup-short.tex
File: figs/logous.eps Graphic file (type eps)
 <figs/logous.eps> [78

]
File: figs/be10d_modelspace_bu.eps Graphic file (type eps)

<figs/be10d_modelspace_bu.eps>
File: figs/logous.eps Graphic file (type eps)
 <figs/logous.eps> [79

]
File: figs/logous.eps Graphic file (type eps)
 <figs/logous.eps>
[80

]
File: figs/logous.eps Graphic file (type eps)
 <figs/logous.eps> [81

]
File: figs/logous.eps Graphic file (type eps)
 <figs/logous.eps> [82

]
File: figs/be11t_mic.eps Graphic file (type eps)
 <figs/be11t_mic.eps>
File: figs/arrow-blue.eps Graphic file (type eps)

<figs/arrow-blue.eps>
File: figs/be11t_inert.eps Graphic file (type eps)
 <figs/be11t_inert.eps>
File: figs/logous.eps Graphic file (type eps)
 <figs/logous.eps> [83

]
File: figs/li7t_coord.eps Graphic file (type eps)

<figs/li7t_coord.eps>
Overfull \hbox (0.68364pt too wide) in paragraph at lines 227--227
[][]  
 []

File: figs/logous.eps Graphic file (type eps)
<figs/logous.eps> [84

]
File: figs/li7t_coord.eps Graphic file (type eps)
 <figs/li7t_coord.eps>
Overfull \hbox (0.68364pt too wide) in paragraph at lines 227--227
[][]  
 []

File: figs/logous.eps Graphic file (type eps)
<figs/logous.eps> [85

]
File: figs/li7spectrum2.eps Graphic file (type eps)
 <figs/li7spectrum2.eps>
File: figs/li7pb_e70_el.eps Graphic file (type eps)
 <figs/li7pb_e70_el.eps>
File: figs/li7pb_e70_inel.eps Graphic file (type eps)

<figs/li7pb_e70_inel.eps>
Overfull \vbox (110.94843pt too high) detected at line 252
 []

File: figs/logous.eps Graphic file (type eps)
<figs/logous.eps> [86

]
File: figs/dni_e80_1chan.eps Graphic file (type eps)
 <figs/dni_e80_1chan.eps>
File: figs/dpb_coor.eps Graphic file (type eps)
 <figs/dpb_coor.eps>
File: figs/logous.eps Graphic file (type eps)

<figs/logous.eps> [87

]
File: figs/deut2.eps Graphic file (type eps)
 <figs/deut2.eps>
File: figs/logous.eps Graphic file (type eps)
 <figs/logous.eps> [88

]
File: figs/deut2.eps Graphic file (type eps)

<figs/deut2.eps>
File: figs/logous.eps Graphic file (type eps)
 <figs/logous.eps> [89

]
File: figs/rawitscher.eps Graphic file (type eps)
 <figs/rawitscher.eps>
File: figs/logous.eps Graphic file (type eps)

<figs/logous.eps> [90

]
File: figs/cdcc_deut.eps Graphic file (type eps)
 <figs/cdcc_deut.eps>
File: figs/logous.eps Graphic file (type eps)
 <figs/logous.eps> [91

]
File: figs/wfbin.eps Graphic file (type eps)

<figs/wfbin.eps>
File: figs/logous.eps Graphic file (type eps)
 <figs/logous.eps> [92

] Excluding 'comment' comment.
Excluding 'comment' comment. Excluding 'comment' comment.
File: figs/dpb_coor.eps Graphic file (type eps)
 <figs/dpb_coor.eps>
File: figs/logous.eps Graphic file (type eps)

<figs/logous.eps> [93

]
File: figs/dni_e80_kd.eps Graphic file (type eps)
 <figs/dni_e80_kd.eps>
File: figs/cdcc_deut_sd.eps Graphic file (type eps)
 <figs/cdcc_deut_sd.eps>
File: figs/logous.eps Graphic file (type eps)

<figs/logous.eps> [94

]
File: figs/li6ca_el_cdcc.eps Graphic file (type eps)
 <figs/li6ca_el_cdcc.eps>
File: figs/BeC.eps Graphic file (type eps)
 <figs/BeC.eps>
File: figs/logous.eps Graphic file (type eps)

<figs/logous.eps> [95

] Excluding 'comment' comment.
Excluding 'comment' comment.
File: figs/4c.eps Graphic file (type eps)
 <figs/4c.eps>
File: figs/logous.eps Graphic file (type eps)
 <figs/logous.eps> [96

]
File: figs/he6pb_e22_4bcdcc.eps Graphic file (type eps)

<figs/he6pb_e22_4bcdcc.eps>
File: figs/logous.eps Graphic file (type eps)
 <figs/logous.eps> [97

]
File: figs/he6pb_pol_coul.eps Graphic file (type eps)
 <figs/he6pb_pol_coul.eps>
File: figs/he6pb_pol_nuc.eps Graphic file (type eps)

<figs/he6pb_pol_nuc.eps>
File: figs/logous.eps Graphic file (type eps)
 <figs/logous.eps> [98

]
File: figs/logous.eps Graphic file (type eps)
 <figs/logous.eps> [99

]
File: figs/he6pb_e22_4bcdcc.eps Graphic file (type eps)

<figs/he6pb_e22_4bcdcc.eps>
File: figs/he6pb_e22_pbu.eps Graphic file (type eps)
 <figs/he6pb_e22_pbu.eps>
File: figs/logous.eps Graphic file (type eps)
 <figs/logous.eps> [100

]
File: figs/be11_chans.eps Graphic file (type eps)

<figs/be11_chans.eps>
Overfull \hbox (19.35294pt too wide) in paragraph at lines 886--886
 [] 
 []

File: figs/logous.eps Graphic file (type eps)
<figs/logous.eps> [101

]
File: figs/be11_chans.eps Graphic file (type eps)
 <figs/be11_chans.eps>
Overfull \hbox (19.35294pt too wide) in paragraph at lines 886--886
 [] 
 []

File: figs/be11_methods.eps Graphic file (type eps)
<figs/be11_methods.eps>
File: figs/logous.eps Graphic file (type eps)
 <figs/logous.eps> [102

]
File: figs/li6bi_bidim.eps Graphic file (type eps)
 <figs/li6bi_bidim.eps>
File: figs/logous.eps Graphic file (type eps)

<figs/logous.eps> [103

]
File: figs/li6bi_el.eps Graphic file (type eps)
 <figs/li6bi_el.eps>
File: figs/li6bi_dsdw_ebu.eps Graphic file (type eps)
 <figs/li6bi_dsdw_ebu.eps>
File: figs/logous.eps Graphic file (type eps)

<figs/logous.eps> [104

]
File: figs/logous.eps Graphic file (type eps)
 <figs/logous.eps> [105

]
File: figs/li6bi_el.eps Graphic file (type eps)
 <figs/li6bi_el.eps>
File: figs/li6bi_dsdw_rem.eps Graphic file (type eps)

<figs/li6bi_dsdw_rem.eps>
File: figs/logous.eps Graphic file (type eps)
 <figs/logous.eps> [106

]
File: figs/li6bi_sigedep_1.eps Graphic file (type eps)
 <figs/li6bi_sigedep_1.eps>
File: figs/logous.eps Graphic file (type eps)

<figs/logous.eps> [107

]
File: figs/li6bi_sigedep_2.eps Graphic file (type eps)
 <figs/li6bi_sigedep_2.eps>
File: figs/logous.eps Graphic file (type eps)
 <figs/logous.eps> [108

]
File: figs/li6bi_sigedep_3.eps Graphic file (type eps)

<figs/li6bi_sigedep_3.eps>
File: figs/logous.eps Graphic file (type eps)
 <figs/logous.eps> [109

]
File: figs/li6bi_sigedep_4.eps Graphic file (type eps)
 <figs/li6bi_sigedep_4.eps>
File: figs/logous.eps Graphic file (type eps)

<figs/logous.eps> [110

]
File: figs/li6bi_sigedep_5.eps Graphic file (type eps)
 <figs/li6bi_sigedep_5.eps>
File: figs/logous.eps Graphic file (type eps)
 <figs/logous.eps> [111

]
File: figs/li6bi_sigedep.eps Graphic file (type eps)

<figs/li6bi_sigedep.eps>
File: figs/logous.eps Graphic file (type eps)
 <figs/logous.eps> [112

]
File: figs/7Be58Ni.eps Graphic file (type eps)
 <figs/7Be58Ni.eps>
File: figs/logous.eps Graphic file (type eps)

<figs/logous.eps> [113

])
\tf@nav=\write8
\openout8 = `master.nav'.

\tf@toc=\write9
\openout9 = `master.toc'.

\tf@snm=\write10
\openout10 = `master.snm'.

Package atveryend Info: Empty hook `BeforeClearDocument' on input line 243.
Package atveryend Info: Empty hook `AfterLastShipout' on input line 243.
 (./master.aux)
Package atveryend Info: Empty hook `AtVeryEndDocument' on input line 243.
Package atveryend Info: Executing hook `AtEndAfterFileList' on input line 243.


Package rerunfilecheck Warning: File `master.out' has changed.
(rerunfilecheck)                Rerun to get outlines right
(rerunfilecheck)                or use package `bookmark'.

Package rerunfilecheck Info: Checksums for `master.out':
(rerunfilecheck)             Before: 4CA0FF56E3EE124326A4720E136735D1;47
(rerunfilecheck)             After:  351ADE587ABAF039CADEECD32E18A26A;1087.

LaTeX Font Warning: Size substitutions with differences
(Font)              up to 0.74pt have occurred.

 ) 
Here is how much of TeX's memory you used:
 23891 strings out of 482504
 427473 string characters out of 5947253
 851330 words of memory out of 5000000
 38256 multiletter control sequences out of 15000+600000
 617517 words of font info for 158 fonts, out of 8000000 for 9000
 398 hyphenation exceptions out of 8191
 54i,21n,64p,795b,868s stack positions out of 5000i,500n,10000p,200000b,80000s

Output written on master.dvi (113 pages, 7422032 bytes).
